<?xml version="1.0" encoding="UTF-8"?>
<testng-results ignored="0" total="18" passed="17" failed="1" skipped="0">
  <reporter-output>
  </reporter-output>
  <suite started-at="2025-05-17T21:34:40 IST" name="Suite" finished-at="2025-05-17T21:37:38 IST" duration-ms="177428">
    <groups>
    </groups>
    <test started-at="2025-05-17T21:34:40 IST" name="Test" finished-at="2025-05-17T21:37:38 IST" duration-ms="177428">
      <class name="com.medimentionTestCase.TC_001_Register_DDT">
        <test-method is-config="true" signature="setUp(java.lang.String,java.lang.String)[pri:0, instance:com.medimentionTestCase.TC_001_Register_DDT@26794848]" started-at="2025-05-17T21:34:40 IST" name="setUp" finished-at="2025-05-17T21:34:54 IST" duration-ms="13740" status="PASS">
          <params>
            <param index="0">
              <value>
                <![CDATA[windows]]>
              </value>
            </param>
            <param index="1">
              <value>
                <![CDATA[chrome]]>
              </value>
            </param>
          </params>
          <reporter-output>
          </reporter-output>
        </test-method> <!-- setUp -->
        <test-method signature="account_Register(java.lang.String,java.lang.String,java.lang.String,java.lang.String,java.lang.String)[pri:0, instance:com.medimentionTestCase.TC_001_Register_DDT@26794848]" started-at="2025-05-17T21:34:57 IST" name="account_Register" data-provider="RegData" finished-at="2025-05-17T21:35:06 IST" duration-ms="8492" status="FAIL">
          <params>
            <param index="0">
              <value>
                <![CDATA[Natala Jenicke]]>
              </value>
            </param>
            <param index="1">
              <value>
                <![CDATA[njenickel]]>
              </value>
            </param>
            <param index="2">
              <value>
                <![CDATA[njenickel@narod.ru]]>
              </value>
            </param>
            <param index="3">
              <value>
                <![CDATA[cN8"qCSc*d&YnuN4]]>
              </value>
            </param>
            <param index="4">
              <value>
                <![CDATA[cN8"qCSc*d&YnuN4]]>
              </value>
            </param>
          </params>
          <exception class="java.lang.AssertionError">
            <message>
              <![CDATA[expected [true] but found [false]]]>
            </message>
            <full-stacktrace>
              <![CDATA[java.lang.AssertionError: expected [true] but found [false]
at org.testng.Assert.fail(Assert.java:111)
at org.testng.Assert.failNotEquals(Assert.java:1590)
at org.testng.Assert.assertTrue(Assert.java:57)
at org.testng.Assert.assertTrue(Assert.java:67)
at com.medimentionTestCase.TC_001_Register_DDT.account_Register(TC_001_Register_DDT.java:47)
at java.base/jdk.internal.reflect.DirectMethodHandleAccessor.invoke(DirectMethodHandleAccessor.java:103)
at java.base/java.lang.reflect.Method.invoke(Method.java:580)
at org.testng.internal.invokers.MethodInvocationHelper.invokeMethod(MethodInvocationHelper.java:141)
at org.testng.internal.invokers.TestInvoker.invokeMethod(TestInvoker.java:687)
at org.testng.internal.invokers.TestInvoker.invokeTestMethod(TestInvoker.java:230)
at org.testng.internal.invokers.MethodRunner.runInSequence(MethodRunner.java:63)
at org.testng.internal.invokers.TestInvoker$MethodInvocationAgent.invoke(TestInvoker.java:995)
at org.testng.internal.invokers.TestInvoker.invokeTestMethods(TestInvoker.java:203)
at org.testng.internal.invokers.TestMethodWorker.invokeTestMethods(TestMethodWorker.java:154)
at org.testng.internal.invokers.TestMethodWorker.run(TestMethodWorker.java:134)
at java.base/java.util.ArrayList.forEach(ArrayList.java:1596)
at org.testng.TestRunner.privateRun(TestRunner.java:741)
at org.testng.TestRunner.run(TestRunner.java:616)
at org.testng.SuiteRunner.runTest(SuiteRunner.java:421)
at org.testng.SuiteRunner.runSequentially(SuiteRunner.java:413)
at org.testng.SuiteRunner.privateRun(SuiteRunner.java:373)
at org.testng.SuiteRunner.run(SuiteRunner.java:312)
at org.testng.SuiteRunnerWorker.runSuite(SuiteRunnerWorker.java:52)
at org.testng.SuiteRunnerWorker.run(SuiteRunnerWorker.java:95)
at org.testng.TestNG.runSuitesSequentially(TestNG.java:1274)
at org.testng.TestNG.runSuitesLocally(TestNG.java:1208)
at org.testng.TestNG.runSuites(TestNG.java:1112)
at org.testng.TestNG.run(TestNG.java:1079)
at org.testng.remote.AbstractRemoteTestNG.run(AbstractRemoteTestNG.java:115)
at org.testng.remote.RemoteTestNG.initAndRun(RemoteTestNG.java:293)
at org.testng.remote.RemoteTestNG.main(RemoteTestNG.java:91)
]]>
            </full-stacktrace>
          </exception> <!-- java.lang.AssertionError -->
          <reporter-output>
          </reporter-output>
        </test-method> <!-- account_Register -->
        <test-method signature="account_Register(java.lang.String,java.lang.String,java.lang.String,java.lang.String,java.lang.String)[pri:0, instance:com.medimentionTestCase.TC_001_Register_DDT@26794848]" started-at="2025-05-17T21:35:06 IST" name="account_Register" data-provider="RegData" finished-at="2025-05-17T21:35:15 IST" duration-ms="8975" status="PASS">
          <params>
            <param index="0">
              <value>
                <![CDATA[Neal Bozward]]>
              </value>
            </param>
            <param index="1">
              <value>
                <![CDATA[nbozwardm]]>
              </value>
            </param>
            <param index="2">
              <value>
                <![CDATA[nbozwardm@xinhuanet.com]]>
              </value>
            </param>
            <param index="3">
              <value>
                <![CDATA[fG2&k*+k=?*B]]>
              </value>
            </param>
            <param index="4">
              <value>
                <![CDATA[fG2&k*+k=?*B]]>
              </value>
            </param>
          </params>
          <reporter-output>
          </reporter-output>
        </test-method> <!-- account_Register -->
        <test-method signature="account_Register(java.lang.String,java.lang.String,java.lang.String,java.lang.String,java.lang.String)[pri:0, instance:com.medimentionTestCase.TC_001_Register_DDT@26794848]" started-at="2025-05-17T21:35:15 IST" name="account_Register" data-provider="RegData" finished-at="2025-05-17T21:35:24 IST" duration-ms="9312" status="PASS">
          <params>
            <param index="0">
              <value>
                <![CDATA[Marylee Trorey]]>
              </value>
            </param>
            <param index="1">
              <value>
                <![CDATA[mtroreyn]]>
              </value>
            </param>
            <param index="2">
              <value>
                <![CDATA[mtroreyn@flavors.me]]>
              </value>
            </param>
            <param index="3">
              <value>
                <![CDATA[lQ0=I3?aIt)(%]]>
              </value>
            </param>
            <param index="4">
              <value>
                <![CDATA[lQ0=I3?aIt)(%]]>
              </value>
            </param>
          </params>
          <reporter-output>
          </reporter-output>
        </test-method> <!-- account_Register -->
        <test-method signature="account_Register(java.lang.String,java.lang.String,java.lang.String,java.lang.String,java.lang.String)[pri:0, instance:com.medimentionTestCase.TC_001_Register_DDT@26794848]" started-at="2025-05-17T21:35:24 IST" name="account_Register" data-provider="RegData" finished-at="2025-05-17T21:35:33 IST" duration-ms="9035" status="PASS">
          <params>
            <param index="0">
              <value>
                <![CDATA[Mellisa Meir]]>
              </value>
            </param>
            <param index="1">
              <value>
                <![CDATA[mmeiro]]>
              </value>
            </param>
            <param index="2">
              <value>
                <![CDATA[mmeiro@twitter.com]]>
              </value>
            </param>
            <param index="3">
              <value>
                <![CDATA[xF8?<4hy+]]>
              </value>
            </param>
            <param index="4">
              <value>
                <![CDATA[xF8?<4hy+]]>
              </value>
            </param>
          </params>
          <reporter-output>
          </reporter-output>
        </test-method> <!-- account_Register -->
        <test-method signature="account_Register(java.lang.String,java.lang.String,java.lang.String,java.lang.String,java.lang.String)[pri:0, instance:com.medimentionTestCase.TC_001_Register_DDT@26794848]" started-at="2025-05-17T21:35:33 IST" name="account_Register" data-provider="RegData" finished-at="2025-05-17T21:35:42 IST" duration-ms="9211" status="PASS">
          <params>
            <param index="0">
              <value>
                <![CDATA[Renate Drinkhill]]>
              </value>
            </param>
            <param index="1">
              <value>
                <![CDATA[rdrinkhillp]]>
              </value>
            </param>
            <param index="2">
              <value>
                <![CDATA[rdrinkhillp@slideshare.net]]>
              </value>
            </param>
            <param index="3">
              <value>
                <![CDATA[kH1&14Lic]]>
              </value>
            </param>
            <param index="4">
              <value>
                <![CDATA[kH1&14Lic]]>
              </value>
            </param>
          </params>
          <reporter-output>
          </reporter-output>
        </test-method> <!-- account_Register -->
        <test-method signature="account_Register(java.lang.String,java.lang.String,java.lang.String,java.lang.String,java.lang.String)[pri:0, instance:com.medimentionTestCase.TC_001_Register_DDT@26794848]" started-at="2025-05-17T21:35:42 IST" name="account_Register" data-provider="RegData" finished-at="2025-05-17T21:35:51 IST" duration-ms="8707" status="PASS">
          <params>
            <param index="0">
              <value>
                <![CDATA[Letizia Astley]]>
              </value>
            </param>
            <param index="1">
              <value>
                <![CDATA[lastleyq]]>
              </value>
            </param>
            <param index="2">
              <value>
                <![CDATA[lastleyq@apache.org]]>
              </value>
            </param>
            <param index="3">
              <value>
                <![CDATA[wB6{NKN_oOF0&+H]]>
              </value>
            </param>
            <param index="4">
              <value>
                <![CDATA[wB6{NKN_oOF0&+H]]>
              </value>
            </param>
          </params>
          <reporter-output>
          </reporter-output>
        </test-method> <!-- account_Register -->
        <test-method signature="account_Register(java.lang.String,java.lang.String,java.lang.String,java.lang.String,java.lang.String)[pri:0, instance:com.medimentionTestCase.TC_001_Register_DDT@26794848]" started-at="2025-05-17T21:35:51 IST" name="account_Register" data-provider="RegData" finished-at="2025-05-17T21:36:00 IST" duration-ms="8743" status="PASS">
          <params>
            <param index="0">
              <value>
                <![CDATA[Kinna Sweetenham]]>
              </value>
            </param>
            <param index="1">
              <value>
                <![CDATA[ksweetenhamr]]>
              </value>
            </param>
            <param index="2">
              <value>
                <![CDATA[ksweetenhamr@1688.com]]>
              </value>
            </param>
            <param index="3">
              <value>
                <![CDATA[zL2\{|xeB']]>
              </value>
            </param>
            <param index="4">
              <value>
                <![CDATA[zL2\{|xeB']]>
              </value>
            </param>
          </params>
          <reporter-output>
          </reporter-output>
        </test-method> <!-- account_Register -->
        <test-method signature="account_Register(java.lang.String,java.lang.String,java.lang.String,java.lang.String,java.lang.String)[pri:0, instance:com.medimentionTestCase.TC_001_Register_DDT@26794848]" started-at="2025-05-17T21:36:00 IST" name="account_Register" data-provider="RegData" finished-at="2025-05-17T21:36:08 IST" duration-ms="8675" status="PASS">
          <params>
            <param index="0">
              <value>
                <![CDATA[Julius Bonde]]>
              </value>
            </param>
            <param index="1">
              <value>
                <![CDATA[jbondes]]>
              </value>
            </param>
            <param index="2">
              <value>
                <![CDATA[jbondes@sfgate.com]]>
              </value>
            </param>
            <param index="3">
              <value>
                <![CDATA[fQ7"DFb3W]]>
              </value>
            </param>
            <param index="4">
              <value>
                <![CDATA[fQ7"DFb3W]]>
              </value>
            </param>
          </params>
          <reporter-output>
          </reporter-output>
        </test-method> <!-- account_Register -->
        <test-method signature="account_Register(java.lang.String,java.lang.String,java.lang.String,java.lang.String,java.lang.String)[pri:0, instance:com.medimentionTestCase.TC_001_Register_DDT@26794848]" started-at="2025-05-17T21:36:08 IST" name="account_Register" data-provider="RegData" finished-at="2025-05-17T21:36:17 IST" duration-ms="8690" status="PASS">
          <params>
            <param index="0">
              <value>
                <![CDATA[Glenden Tabary]]>
              </value>
            </param>
            <param index="1">
              <value>
                <![CDATA[gtabaryt]]>
              </value>
            </param>
            <param index="2">
              <value>
                <![CDATA[gtabaryt@state.tx.us]]>
              </value>
            </param>
            <param index="3">
              <value>
                <![CDATA[eD3/r8CUfn0]]>
              </value>
            </param>
            <param index="4">
              <value>
                <![CDATA[eD3/r8CUfn0]]>
              </value>
            </param>
          </params>
          <reporter-output>
          </reporter-output>
        </test-method> <!-- account_Register -->
        <test-method signature="account_Register(java.lang.String,java.lang.String,java.lang.String,java.lang.String,java.lang.String)[pri:0, instance:com.medimentionTestCase.TC_001_Register_DDT@26794848]" started-at="2025-05-17T21:36:17 IST" name="account_Register" data-provider="RegData" finished-at="2025-05-17T21:36:26 IST" duration-ms="8629" status="PASS">
          <params>
            <param index="0">
              <value>
                <![CDATA[Yancy Shelliday]]>
              </value>
            </param>
            <param index="1">
              <value>
                <![CDATA[yshellidayu]]>
              </value>
            </param>
            <param index="2">
              <value>
                <![CDATA[yshellidayu@boston.com]]>
              </value>
            </param>
            <param index="3">
              <value>
                <![CDATA[lN6+J}DB\"]]>
              </value>
            </param>
            <param index="4">
              <value>
                <![CDATA[lN6+J}DB\"]]>
              </value>
            </param>
          </params>
          <reporter-output>
          </reporter-output>
        </test-method> <!-- account_Register -->
        <test-method signature="account_Register(java.lang.String,java.lang.String,java.lang.String,java.lang.String,java.lang.String)[pri:0, instance:com.medimentionTestCase.TC_001_Register_DDT@26794848]" started-at="2025-05-17T21:36:26 IST" name="account_Register" data-provider="RegData" finished-at="2025-05-17T21:36:35 IST" duration-ms="8851" status="PASS">
          <params>
            <param index="0">
              <value>
                <![CDATA[Betteann Cribbins]]>
              </value>
            </param>
            <param index="1">
              <value>
                <![CDATA[bcribbinsv]]>
              </value>
            </param>
            <param index="2">
              <value>
                <![CDATA[bcribbinsv@imgur.com]]>
              </value>
            </param>
            <param index="3">
              <value>
                <![CDATA[cB8?0g!Ogm?\]]>
              </value>
            </param>
            <param index="4">
              <value>
                <![CDATA[cB8?0g!Ogm?\]]>
              </value>
            </param>
          </params>
          <reporter-output>
          </reporter-output>
        </test-method> <!-- account_Register -->
        <test-method signature="account_Register(java.lang.String,java.lang.String,java.lang.String,java.lang.String,java.lang.String)[pri:0, instance:com.medimentionTestCase.TC_001_Register_DDT@26794848]" started-at="2025-05-17T21:36:35 IST" name="account_Register" data-provider="RegData" finished-at="2025-05-17T21:36:44 IST" duration-ms="9210" status="PASS">
          <params>
            <param index="0">
              <value>
                <![CDATA[Magdalen Milberry]]>
              </value>
            </param>
            <param index="1">
              <value>
                <![CDATA[mmilberryw]]>
              </value>
            </param>
            <param index="2">
              <value>
                <![CDATA[mmilberryw@dropbox.com]]>
              </value>
            </param>
            <param index="3">
              <value>
                <![CDATA[fW0&p86rhPID]]>
              </value>
            </param>
            <param index="4">
              <value>
                <![CDATA[fW0&p86rhPID]]>
              </value>
            </param>
          </params>
          <reporter-output>
          </reporter-output>
        </test-method> <!-- account_Register -->
        <test-method signature="account_Register(java.lang.String,java.lang.String,java.lang.String,java.lang.String,java.lang.String)[pri:0, instance:com.medimentionTestCase.TC_001_Register_DDT@26794848]" started-at="2025-05-17T21:36:44 IST" name="account_Register" data-provider="RegData" finished-at="2025-05-17T21:36:53 IST" duration-ms="8768" status="PASS">
          <params>
            <param index="0">
              <value>
                <![CDATA[Arlena Twycross]]>
              </value>
            </param>
            <param index="1">
              <value>
                <![CDATA[atwycrossx]]>
              </value>
            </param>
            <param index="2">
              <value>
                <![CDATA[atwycrossx@netlog.com]]>
              </value>
            </param>
            <param index="3">
              <value>
                <![CDATA[mL1\eR02<\!r#G]]>
              </value>
            </param>
            <param index="4">
              <value>
                <![CDATA[mL1\eR02<\!r#G]]>
              </value>
            </param>
          </params>
          <reporter-output>
          </reporter-output>
        </test-method> <!-- account_Register -->
        <test-method signature="account_Register(java.lang.String,java.lang.String,java.lang.String,java.lang.String,java.lang.String)[pri:0, instance:com.medimentionTestCase.TC_001_Register_DDT@26794848]" started-at="2025-05-17T21:36:53 IST" name="account_Register" data-provider="RegData" finished-at="2025-05-17T21:37:01 IST" duration-ms="8816" status="PASS">
          <params>
            <param index="0">
              <value>
                <![CDATA[Agnella Cansfield]]>
              </value>
            </param>
            <param index="1">
              <value>
                <![CDATA[acansfieldy]]>
              </value>
            </param>
            <param index="2">
              <value>
                <![CDATA[acansfieldy@weebly.com]]>
              </value>
            </param>
            <param index="3">
              <value>
                <![CDATA[rV3./Vm3]]>
              </value>
            </param>
            <param index="4">
              <value>
                <![CDATA[rV3./Vm3]]>
              </value>
            </param>
          </params>
          <reporter-output>
          </reporter-output>
        </test-method> <!-- account_Register -->
        <test-method signature="account_Register(java.lang.String,java.lang.String,java.lang.String,java.lang.String,java.lang.String)[pri:0, instance:com.medimentionTestCase.TC_001_Register_DDT@26794848]" started-at="2025-05-17T21:37:01 IST" name="account_Register" data-provider="RegData" finished-at="2025-05-17T21:37:10 IST" duration-ms="8981" status="PASS">
          <params>
            <param index="0">
              <value>
                <![CDATA[Maximo Elham]]>
              </value>
            </param>
            <param index="1">
              <value>
                <![CDATA[melhamz]]>
              </value>
            </param>
            <param index="2">
              <value>
                <![CDATA[melhamz@ebay.com]]>
              </value>
            </param>
            <param index="3">
              <value>
                <![CDATA[rI5#\V{F]]>
              </value>
            </param>
            <param index="4">
              <value>
                <![CDATA[rI5#\V{F]]>
              </value>
            </param>
          </params>
          <reporter-output>
          </reporter-output>
        </test-method> <!-- account_Register -->
        <test-method signature="account_Register(java.lang.String,java.lang.String,java.lang.String,java.lang.String,java.lang.String)[pri:0, instance:com.medimentionTestCase.TC_001_Register_DDT@26794848]" started-at="2025-05-17T21:37:10 IST" name="account_Register" data-provider="RegData" finished-at="2025-05-17T21:37:19 IST" duration-ms="8718" status="PASS">
          <params>
            <param index="0">
              <value>
                <![CDATA[Vivian Isenor]]>
              </value>
            </param>
            <param index="1">
              <value>
                <![CDATA[visenor10]]>
              </value>
            </param>
            <param index="2">
              <value>
                <![CDATA[visenor10@shutterfly.com]]>
              </value>
            </param>
            <param index="3">
              <value>
                <![CDATA[hS7*tS6p,5?WDM6]]>
              </value>
            </param>
            <param index="4">
              <value>
                <![CDATA[hS7*tS6p,5?WDM6]]>
              </value>
            </param>
          </params>
          <reporter-output>
          </reporter-output>
        </test-method> <!-- account_Register -->
        <test-method signature="account_Register(java.lang.String,java.lang.String,java.lang.String,java.lang.String,java.lang.String)[pri:0, instance:com.medimentionTestCase.TC_001_Register_DDT@26794848]" started-at="2025-05-17T21:37:19 IST" name="account_Register" data-provider="RegData" finished-at="2025-05-17T21:37:28 IST" duration-ms="8883" status="PASS">
          <params>
            <param index="0">
              <value>
                <![CDATA[Gael Kelston]]>
              </value>
            </param>
            <param index="1">
              <value>
                <![CDATA[gkelston11]]>
              </value>
            </param>
            <param index="2">
              <value>
                <![CDATA[gkelston11@vistaprint.com]]>
              </value>
            </param>
            <param index="3">
              <value>
                <![CDATA[gH9$'wB|'ptB69Ef]]>
              </value>
            </param>
            <param index="4">
              <value>
                <![CDATA[gH9$'wB|'ptB69Ef]]>
              </value>
            </param>
          </params>
          <reporter-output>
          </reporter-output>
        </test-method> <!-- account_Register -->
        <test-method signature="account_Register(java.lang.String,java.lang.String,java.lang.String,java.lang.String,java.lang.String)[pri:0, instance:com.medimentionTestCase.TC_001_Register_DDT@26794848]" started-at="2025-05-17T21:37:28 IST" name="account_Register" data-provider="RegData" finished-at="2025-05-17T21:37:37 IST" duration-ms="9041" status="PASS">
          <params>
            <param index="0">
              <value>
                <![CDATA[Otto Veness]]>
              </value>
            </param>
            <param index="1">
              <value>
                <![CDATA[oveness12]]>
              </value>
            </param>
            <param index="2">
              <value>
                <![CDATA[oveness12@creativecommons.org]]>
              </value>
            </param>
            <param index="3">
              <value>
                <![CDATA[zP8'.sI,5CSwMh]]>
              </value>
            </param>
            <param index="4">
              <value>
                <![CDATA[zP8'.sI,5CSwMh]]>
              </value>
            </param>
          </params>
          <reporter-output>
          </reporter-output>
        </test-method> <!-- account_Register -->
        <test-method is-config="true" signature="tearDown()[pri:0, instance:com.medimentionTestCase.TC_001_Register_DDT@26794848]" started-at="2025-05-17T21:37:37 IST" name="tearDown" finished-at="2025-05-17T21:37:37 IST" duration-ms="447" status="PASS">
          <reporter-output>
          </reporter-output>
        </test-method> <!-- tearDown -->
      </class> <!-- com.medimentionTestCase.TC_001_Register_DDT -->
    </test> <!-- Test -->
  </suite> <!-- Suite -->
</testng-results>
